<?xml version="1.0" encoding="UTF-8"?>
<testsuite xmlns:xsi="http://www.w3.org/2001/XMLSchema-instance" xsi:noNamespaceSchemaLocation="https://maven.apache.org/surefire/maven-surefire-plugin/xsd/surefire-test-report.xsd" name="org.mule.extension.BasicOperationsTestCase" time="13.777" tests="2" errors="0" skipped="0" failures="0">
  <properties>
[...]
</properties>
  <testcase name="executeRetrieveInfoOperation" classname="org.mule.extension.BasicOperationsTestCase" time="4.26"/>
  <testcase name="executeSayHiOperation" classname="org.mule.extension.BasicOperationsTestCase" time="0.681"/>
</testsuite>